<?xml version="1.0" encoding="UTF-8"?>
<!-- Generated by org.testng.reporters.JUnitReportReporter -->
<testsuite skipped="0" hostname="noah-HdB" name="BaseWWPageTest" tests="2" failures="0" timestamp="21 Jan 2020 18:01:25 GMT" time="2.813" errors="0">
  <testcase name="testBaseTitle" time="0.045" classname="BaseWWPageTest"/>
  <testcase name="testStudioBtn" time="2.768" classname="BaseWWPageTest"/>
</testsuite> <!-- BaseWWPageTest -->
