<?xml version="1.0" encoding="UTF-8"?>
<!-- Generated by org.testng.reporters.JUnitReportReporter -->
<testsuite skipped="0" hostname="noah-HdB" name="WWStudioPageTest" tests="2" failures="0" timestamp="21 Jan 2020 18:01:25 GMT" time="1.414" errors="0">
  <testcase name="test2HrsOps" time="0.531" classname="WWStudioPageTest"/>
  <testcase name="test1Meetings" time="0.883" classname="WWStudioPageTest"/>
</testsuite> <!-- WWStudioPageTest -->
