<?xml version="1.0" encoding="UTF-8"?>
<!-- Generated by org.testng.reporters.JUnitReportReporter -->
<testsuite skipped="0" hostname="noah-HdB" name="FindAStudioPageTest" tests="1" failures="0" timestamp="21 Jan 2020 18:01:25 GMT" time="1.094" errors="0">
  <testcase name="testFindAStudioPage" time="1.094" classname="FindAStudioPageTest"/>
</testsuite> <!-- FindAStudioPageTest -->
